This is TeX, C Version 3.0 (format=lplain 91.8.7)  5 MAY 1993 00:22
**&lplain manual
(manual.tex
LaTeX Version 2.09 <7 Dec 1989>
(/usr/local/lib/tex/inputs/report.sty
Document Style `report' <13 Nov 89>.
(/usr/local/lib/tex/inputs/rep12.sty)
\descriptionmargin=\dimen99
\c@part=\count79
\c@chapter=\count80
\c@section=\count81
\c@subsection=\count82
\c@subsubsection=\count83
\c@paragraph=\count84
\c@subparagraph=\count85
\c@figure=\count86
\c@table=\count87
 (/usr/local/lib/tex/inputs/titlepage.sty))
\chgbarwidth=\dimen100
\chgbarsep=\dimen101
\@chgbarbegin=\dimen102
\@indexfile=\write3

Writing index file manual.idx 
(manual.aux) [0

] [1] [2] (manual.toc [1

] [2])
\tf@toc=\write4
 [3]
Chapter 1.
[1

] [2]
Chapter 2.
[3

] [4] [5] [6] [7] [8] [9]
Chapter 3.
[10

] [11] [12] [13] [14] [15] [16] [17] [18] [19] [20] [21] [22] [23] [24]
[25] [26] [27] [28] [29] [30]
Chapter 4.
[31

] [32] [33] [34]
Overfull \hbox (55.5374pt too wide) in paragraph at lines 2326--2333
\twlrm can be dis-abled by us-ing the spe-cial sys-tem pred-i-cate \twltt $clea
r[]style[]check/0\twlrm . \twltt style[]check(all[]reset)

\hbox(8.33331+2.66666)x469.75499, glue set - 1.0
.\twlrm c
.\twlrm a
.\twlrm n
.\glue 3.91663 plus 1.95831 minus 1.30554
.\twlrm b
.etc.

[35] [36] [37] [38] [39] [40] [41] [42] [43] [44]
Chapter 5.
[45

] [46] [47] [48] [49] [50] [51] [52] [53] [54] [55] [56] [57]
Chapter 6.
[58

] [59] [60] [61]
Chapter 7.
[62

] (manual.bbl [63

] [64]) (manual-index.tex [65] [66

] [67] [68])
Appendix A.
[69


] (manual.aux) ) 
Here is how much of TeX's memory you used:
 254 strings out of 6963
 2470 string characters out of 63242
 35961 words of memory out of 262141
 2183 multiletter control sequences out of 9500
 20081 words of font info for 76 fonts, out of 72000 for 255
 14 hyphenation exceptions out of 607
 15i,10n,17p,204b,326s stack positions out of 300i,40n,60p,3000b,4000s

Output written on manual.dvi (75 pages, 168752 bytes).
