This file contains any messages produced by compilers while
running configure, to aid debugging if configure makes a mistake.

It was created by configure, which was
generated by GNU Autoconf 2.65.  Invocation command line was

  $ ./configure 

## --------- ##
## Platform. ##
## --------- ##

hostname = paella
uname -m = x86_64
uname -r = 2.6.32-24-generic
uname -s = Linux
uname -v = #39-Ubuntu SMP Wed Jul 28 05:14:15 UTC 2010

/usr/bin/uname -p = unknown
/bin/uname -X     = unknown

/bin/arch              = unknown
/usr/bin/arch -k       = unknown
/usr/convex/getsysinfo = unknown
/usr/bin/hostinfo      = unknown
/bin/machine           = unknown
/usr/bin/oslevel       = unknown
/bin/universe          = unknown

PATH: /home/vijay/FoxitReader
PATH: /home/vijay/new-new-work/CLPR/clpr-1.2b
PATH: /home/vijay/new-new-work/TRACER/trunk/lib
PATH: /home/vijay/new-new-work/TRACER/trunk
PATH: /home/vijay/spin
PATH: /home/vijay/new-new-work/TRACER/trunk/bin
PATH: /usr/local/src/jdk1.6.0_21/bin
PATH: /usr/local/sbin
PATH: /usr/local/bin
PATH: /usr/sbin
PATH: /usr/bin
PATH: /sbin
PATH: /bin
PATH: /usr/games


## ----------- ##
## Core tests. ##
## ----------- ##

configure:2253: ******************
configure:2255: * CONFIGURE MAKE *
configure:2257: ******************
configure:2537: checking for make
configure:2553: found /usr/bin/make
configure:2564: result: make
configure:2253: *****************************
configure:2255: * CONFIGURE OCAML COMPILERS *
configure:2257: *****************************
configure:2619: checking for ocamlc
configure:2635: found /usr/bin/ocamlc
configure:2647: result: ocamlc
configure:2690: checking for ocamlopt
configure:2706: found /usr/bin/ocamlopt
configure:2718: result: ocamlopt
configure:2731: checking ocamlopt version and standard library
configure:2740: result: ok
configure:2757: checking for ocamlc.opt
configure:2785: result: no
configure:2812: checking for ocamlopt.opt
configure:2840: result: no
configure:2253: *******************************************
configure:2255: * CONFIGURE MANDATORY TOOLS AND LIBRARIES *
configure:2257: *******************************************
configure:2873: checking for ocamldep
configure:2889: found /usr/bin/ocamldep
configure:2901: result: ocamldep
configure:2914: checking for ocamldep.opt
configure:2942: result: no
configure:2958: checking for ocamllex
configure:2974: found /usr/bin/ocamllex
configure:2986: result: ocamllex
configure:2999: checking for ocamllex.opt
configure:3027: result: no
configure:3043: checking for ocamlyacc
configure:3059: found /usr/bin/ocamlyacc
configure:3071: result: ocamlyacc
configure:3094: checking for /usr/lib/ocaml/ocamlgraph/graph.cmx
configure:3108: result: yes
configure:3127: OcamlGraph 1.3 is incompatible with Frama-C.
configure:3143: switching to OcamlGraph provided by Frama-C
configure:3149: checking for ocamlgraph
configure:3163: result: yes
configure:3206: checking for ocamlgraph.tar.gz
configure:3219: result: yes
configure:3238: configuring ocamlgraph...
configure:2253: ******************************************
configure:2255: * CONFIGURE OPTIONAL TOOLS AND LIBRARIES *
configure:2257: ******************************************
configure:3251: checking for ocamldoc
configure:3267: found /usr/bin/ocamldoc
configure:3279: result: ocamldoc
configure:3294: checking for ocamlmktop
configure:3310: found /usr/bin/ocamlmktop
configure:3322: result: ocamlmktop
configure:3337: checking for otags
configure:3367: result: no
configure:2253: **********************
configure:2255: * CONFIGURE PLATFORM *
configure:2257: **********************
configure:3379: checking platform
configure:3393: result: Unix
configure:4734: checking whether performance counters are usable
configure:4742: result: ok (2910.000 cycles per us)
configure:2253: ***************************
configure:2255: * WISHED FRAMA-C PLUG-INS *
configure:2257: ***************************
configure:4864: checking for src/constant_propagation
configure:4877: result: yes
configure:4971: checking for src/from
configure:4984: result: yes
configure:5078: checking for src/gui
configure:5091: result: yes
configure:5184: checking for src/impact
configure:5197: result: yes
configure:5313: checking for src/inout
configure:5326: result: yes
configure:5430: checking for src/metrics
configure:5443: result: yes
configure:5547: checking for src/occurrence
configure:5560: result: yes
configure:5664: checking for src/pdg
configure:5677: result: yes
configure:5781: checking for src/postdominators
configure:5794: result: yes
configure:5876: checking for src/rte
configure:5889: result: yes
configure:5971: checking for src/scope
configure:5984: result: yes
configure:6110: checking for src/semantic_callgraph
configure:6123: result: yes
configure:6227: checking for src/slicing
configure:6240: result: yes
configure:6366: checking for src/sparecode
configure:6379: result: yes
configure:6483: checking for src/syntactic_callgraph
configure:6496: result: yes
configure:6595: checking for src/users
configure:6608: result: yes
configure:6701: checking for src/value
configure:6714: result: yes
configure:6884: checking for src/aorai/Makefile.in
configure:6897: result: yes
configure:7008: checking for ltl2ba
configure:7036: result: no
configure:7147: checking for src/report/Makefile.in
configure:7160: result: yes
configure:7313: checking for src/security_slicing/Makefile.in
configure:7326: result: yes
configure:7530: checking for src/wp/Makefile.in
configure:7543: result: yes
configure:7697: checking for why
configure:7713: found /usr/local/bin/why
configure:7725: result: yes
configure:7762: checking for why-dp
configure:7778: found /usr/local/bin/why-dp
configure:7790: result: yes
configure:7827: checking for alt-ergo
configure:7843: found /usr/bin/alt-ergo
configure:7855: result: yes
configure:7878: alt-ergo version is 0.9.
configure:7883: alt-ergo's array theory unsupported.
configure:7903: checking for coqc
configure:7919: found /usr/bin/coqc
configure:7931: result: yes
configure:2253: *******************************************************
configure:2255: * CONFIGURE TOOLS AND LIBRARIES USED BY SOME PLUG-INS *
configure:2257: *******************************************************
configure:8003: checking for /usr/lib/ocaml/lablgtk2/lablgtk.cmxa
configure:8017: result: yes
configure:8080: checking for /usr/lib/ocaml/lablgtk2/lablgtksourceview2.cmxa
configure:8094: result: no
configure:8141: checking for /usr/lib/ocaml/lablgtk2/lablgnomecanvas.cmxa
configure:8155: result: yes
configure:8202: checking for dot
configure:8218: found /usr/bin/dot
configure:8230: result: yes
configure:8274: checking for /usr/lib/ocaml/dynlink.cmxa
configure:8288: result: yes
configure:8334: result: native dynlink works fine. Great.
configure:2253: *************************************
configure:2255: * CHECKING FOR PLUG-IN DEPENDENCIES *
configure:2257: *************************************
configure:8411: WARNING: ltl2ba not found.
configure:8435: WARNING: aorai partially enabled because ltl2ba missing.
configure:8626: WARNING: lablgtksourceview2.cmxa not found
configure:8640: WARNING: gui disabled because /usr/lib/ocaml/lablgtk2/lablgtksourceview2.cmxa missing.
configure:2384: WARNING: impact only partially enabled because gui not enabled.
configure:2384: WARNING: metrics only partially enabled because gui not enabled.
configure:2384: WARNING: occurrence only partially enabled because gui not enabled.
configure:2384: WARNING: scope only partially enabled because gui not enabled.
configure:2384: WARNING: slicing only partially enabled because gui not enabled.
configure:2384: WARNING: syntactic_callgraph only partially enabled because gui not enabled.
configure:2384: WARNING: value_analysis only partially enabled because gui not enabled.
configure:2384: WARNING: security_slicing only partially enabled because gui not enabled.
configure:2384: WARNING: wp only partially enabled because gui not enabled.
configure:2253: *********************
configure:2255: * CREATING MAKEFILE *
configure:2257: *********************
configure:9046: creating ./config.status

## ---------------------- ##
## Running config.status. ##
## ---------------------- ##

This file was extended by config.status, which was
generated by GNU Autoconf 2.65.  Invocation command line was

  CONFIG_FILES    = 
  CONFIG_HEADERS  = 
  CONFIG_LINKS    = 
  CONFIG_COMMANDS = 
  $ ./config.status 

on paella

config.status:894: creating src/aorai/Makefile
config.status:894: creating src/report/Makefile
config.status:894: creating src/security_slicing/Makefile
config.status:894: creating src/wp/Makefile
config.status:894: creating cil/ocamlutil/perfcount.c
config.status:894: creating share/Makefile.config
configure:2253: *******************************
configure:2255: * SUMMARY: PLUG-INS AVAILABLE *
configure:2257: *******************************
configure:10240: semantic_constant_folding: yes
configure:10240: from_analysis: yes
configure:10240: gui: no, /usr/lib/ocaml/lablgtk2/lablgtksourceview2.cmxa missing
configure:10240: impact: partial, gui not enabled
configure:10240: inout: yes
configure:10240: metrics: partial, gui not enabled
configure:10240: occurrence: partial, gui not enabled
configure:10240: pdg: yes
configure:10240: postdominators: yes
configure:10240: rte_annotation: yes
configure:10240: scope: partial, gui not enabled
configure:10240: semantic_callgraph: yes
configure:10240: slicing: partial, gui not enabled
configure:10240: sparecode: yes
configure:10240: syntactic_callgraph: partial, gui not enabled
configure:10240: users: yes
configure:10240: value_analysis: partial, gui not enabled
configure:10240: aorai: partial, dynamic, ltl2ba missing
configure:10240: report: yes, dynamic
configure:10240: security_slicing: partial, dynamic, gui not enabled
configure:10240: wp: partial, dynamic, gui not enabled

## ---------------- ##
## Cache variables. ##
## ---------------- ##

ac_cv_env_CC_set=
ac_cv_env_CC_value=
ac_cv_env_CFLAGS_set=
ac_cv_env_CFLAGS_value=
ac_cv_env_CPPFLAGS_set=
ac_cv_env_CPPFLAGS_value=
ac_cv_env_CPP_set=
ac_cv_env_CPP_value=
ac_cv_env_LDFLAGS_set=
ac_cv_env_LDFLAGS_value=
ac_cv_env_LIBS_set=
ac_cv_env_LIBS_value=
ac_cv_env_build_alias_set=
ac_cv_env_build_alias_value=
ac_cv_env_host_alias_set=
ac_cv_env_host_alias_value=
ac_cv_env_target_alias_set=
ac_cv_env_target_alias_value=
ac_cv_file__usr_lib_ocaml_dynlink_cmxa=yes
ac_cv_file__usr_lib_ocaml_lablgtk2_lablgnomecanvas_cmxa=yes
ac_cv_file__usr_lib_ocaml_lablgtk2_lablgtk_cmxa=yes
ac_cv_file__usr_lib_ocaml_lablgtk2_lablgtksourceview2_cmxa=no
ac_cv_file__usr_lib_ocaml_ocamlgraph_graph_cmx=yes
ac_cv_file_ocamlgraph=yes
ac_cv_file_ocamlgraph_tar_gz=yes
ac_cv_file_src_aorai_Makefile_in=yes
ac_cv_file_src_constant_propagation=yes
ac_cv_file_src_from=yes
ac_cv_file_src_gui=yes
ac_cv_file_src_impact=yes
ac_cv_file_src_inout=yes
ac_cv_file_src_metrics=yes
ac_cv_file_src_occurrence=yes
ac_cv_file_src_pdg=yes
ac_cv_file_src_postdominators=yes
ac_cv_file_src_report_Makefile_in=yes
ac_cv_file_src_rte=yes
ac_cv_file_src_scope=yes
ac_cv_file_src_security_slicing_Makefile_in=yes
ac_cv_file_src_semantic_callgraph=yes
ac_cv_file_src_slicing=yes
ac_cv_file_src_sparecode=yes
ac_cv_file_src_syntactic_callgraph=yes
ac_cv_file_src_users=yes
ac_cv_file_src_value=yes
ac_cv_file_src_wp_Makefile_in=yes
ac_cv_prog_HAS_ALTERGO=yes
ac_cv_prog_HAS_COQ=yes
ac_cv_prog_HAS_DOT=yes
ac_cv_prog_HAS_LTLTOBA=no
ac_cv_prog_HAS_WHY=yes
ac_cv_prog_HAS_WHYDP=yes
ac_cv_prog_MAKE=make
ac_cv_prog_OCAMLC=ocamlc
ac_cv_prog_OCAMLCDOTOPT=no
ac_cv_prog_OCAMLDEP=ocamldep
ac_cv_prog_OCAMLDEPDOTOPT=no
ac_cv_prog_OCAMLDOC=ocamldoc
ac_cv_prog_OCAMLLEX=ocamllex
ac_cv_prog_OCAMLLEXDOTOPT=no
ac_cv_prog_OCAMLMKTOP=ocamlmktop
ac_cv_prog_OCAMLOPT=ocamlopt
ac_cv_prog_OCAMLOPTDOTOPT=no
ac_cv_prog_OCAMLYACC=ocamlyacc

## ----------------- ##
## Output variables. ##
## ----------------- ##

ALTERGO='alt-ergo'
ALTERGO_VERSION='0.9'
CC=''
CFLAGS=''
COQ='coqc'
CPP=''
CPPFLAGS=''
CYCLES_PER_USEC='2910.000'
DEFS='-DHAVE_CONFIG_H'
DOT='dot'
DYNAMIC_AORAI='yes'
DYNAMIC_FROM_ANALYSIS='no'
DYNAMIC_GUI='no'
DYNAMIC_IMPACT='no'
DYNAMIC_INOUT='no'
DYNAMIC_METRICS='no'
DYNAMIC_OCCURRENCE='no'
DYNAMIC_PDG='no'
DYNAMIC_POSTDOMINATORS='no'
DYNAMIC_REPORT='yes'
DYNAMIC_RTE_ANNOTATION='no'
DYNAMIC_SCOPE='no'
DYNAMIC_SECURITY_SLICING='yes'
DYNAMIC_SEMANTIC_CALLGRAPH='no'
DYNAMIC_SEMANTIC_CONSTANT_FOLDING='no'
DYNAMIC_SLICING='no'
DYNAMIC_SPARECODE='no'
DYNAMIC_SYNTACTIC_CALLGRAPH='no'
DYNAMIC_USERS='no'
DYNAMIC_VALUE_ANALYSIS='no'
DYNAMIC_WP='yes'
ECHO_C=''
ECHO_N='-n'
ECHO_T=''
EGREP=''
ENABLE_AORAI='partial'
ENABLE_FROM_ANALYSIS='yes'
ENABLE_GUI='no'
ENABLE_IMPACT='partial'
ENABLE_INOUT='yes'
ENABLE_METRICS='partial'
ENABLE_OCCURRENCE='partial'
ENABLE_PDG='yes'
ENABLE_POSTDOMINATORS='yes'
ENABLE_REPORT='yes'
ENABLE_RTE_ANNOTATION='yes'
ENABLE_SCOPE='partial'
ENABLE_SECURITY_SLICING='partial'
ENABLE_SEMANTIC_CALLGRAPH='yes'
ENABLE_SEMANTIC_CONSTANT_FOLDING='yes'
ENABLE_SLICING='partial'
ENABLE_SPARECODE='yes'
ENABLE_SYNTACTIC_CALLGRAPH='partial'
ENABLE_USERS='yes'
ENABLE_VALUE_ANALYSIS='partial'
ENABLE_WP='partial'
EXE=''
EXEEXT=''
EXTERNAL_PLUGINS=' src/aorai src/report src/security_slicing src/wp '
GNOMECANVAS='/usr/lib/ocaml/lablgtk2/lablgnomecanvas.cmxa'
GREP=''
GTKSOURCEVIEW=''
HAS_ALTERGO='yes'
HAS_COQ='yes'
HAS_DOT='yes'
HAS_GNOMECANVAS='yes'
HAS_GTKSOURCEVIEW='no'
HAS_LABLGTK='yes'
HAS_LEGACY_GTKSOURCEVIEW=''
HAS_LTLTOBA='no'
HAS_NATIVE_DYNLINK='yes'
HAS_PERFCOUNT='1'
HAS_USABLE_NATIVE_DYNLINK='yes'
HAS_WHY='yes'
HAS_WHYDP='yes'
HAVE_BUILTIN_VA_LIST=''
HAVE_PTRDIFF_H=''
HAVE_STDLIB_H=''
HAVE_WCHAR_H=''
LABLGTK='/usr/lib/ocaml/lablgtk2/lablgtk.cmxa'
LDFLAGS=''
LIBOBJS=''
LIBS=''
LOCAL_MACHDEP='no'
LTLIBOBJS=''
LTLTOBA=''
MAKE='make'
NATIVE_DYNLINK='/usr/lib/ocaml/dynlink.cmxa'
OBJEXT=''
OCAMLBEST='opt'
OCAMLC='ocamlc'
OCAMLCDOTOPT='no'
OCAMLDEP='ocamldep'
OCAMLDEPDOTOPT='no'
OCAMLDOC='ocamldoc'
OCAMLGRAPH_HOME=''
OCAMLGRAPH_INCLUDE=''
OCAMLGRAPH_LOCAL='ocamlgraph'
OCAMLLEX='ocamllex'
OCAMLLEXDOTOPT='no'
OCAMLLIB='/usr/lib/ocaml'
OCAMLMKTOP='ocamlmktop'
OCAMLOPT='ocamlopt'
OCAMLOPTDOTOPT='no'
OCAMLVERSION='3.11.2'
OCAMLWIN32='no'
OCAMLYACC='ocamlyacc'
OCAML_ANNOT_OPTION='-annot'
OTAGS=''
PACKAGE_BUGREPORT=''
PACKAGE_NAME=''
PACKAGE_STRING=''
PACKAGE_TARNAME=''
PACKAGE_URL=''
PACKAGE_VERSION=''
PATH_SEPARATOR=':'
SHELL='/bin/bash'
THREAD_IS_KEYWORD=''
UNDERSCORE_NAME=''
USABLE_NATIVE_DYNLINK=''
VERBOSEMAKE='no'
WHY='why'
WHYDP='why-dp'
ac_ct_CC=''
bindir='${exec_prefix}/bin'
build_alias=''
datadir='${datarootdir}'
datarootdir='${prefix}/share'
docdir='${datarootdir}/doc/${PACKAGE}'
dvidir='${docdir}'
exec_prefix='${prefix}'
host_alias=''
htmldir='${docdir}'
includedir='${prefix}/include'
infodir='${datarootdir}/info'
libdir='${exec_prefix}/lib'
libexecdir='${exec_prefix}/libexec'
localedir='${datarootdir}/locale'
localstatedir='${prefix}/var'
mandir='${datarootdir}/man'
oldincludedir='/usr/include'
pdfdir='${docdir}'
prefix='/usr/local'
program_transform_name='s,x,x,'
psdir='${docdir}'
sbindir='${exec_prefix}/sbin'
sharedstatedir='${prefix}/com'
sysconfdir='${prefix}/etc'
target_alias=''

## ----------- ##
## confdefs.h. ##
## ----------- ##

/* confdefs.h */
#define PACKAGE_NAME ""
#define PACKAGE_TARNAME ""
#define PACKAGE_VERSION ""
#define PACKAGE_STRING ""
#define PACKAGE_BUGREPORT ""
#define PACKAGE_URL ""

configure: exit 0
